2020-04-23 19:09:47.785  INFO 17488 --- [restartedMain] l.m.community.CommunityApplication       : Starting CommunityApplication on DESKTOP-P1VCURD with PID 17488 (E:\Maven\community\target\classes started by user in E:\Maven\community)
2020-04-23 19:09:47.800  INFO 17488 --- [restartedMain] l.m.community.CommunityApplication       : No active profile set, falling back to default profiles: default
2020-04-23 19:09:47.906  INFO 17488 --- [restartedMain] .e.DevToolsPropertyDefaultsPostProcessor : Devtools property defaults active! Set 'spring.devtools.add-properties' to 'false' to disable
2020-04-23 19:09:47.906  INFO 17488 --- [restartedMain] .e.DevToolsPropertyDefaultsPostProcessor : For additional web related logging consider setting the 'logging.level.web' property to 'DEBUG'
2020-04-23 19:09:49.993  INFO 17488 --- [restartedMain] o.s.b.w.embedded.tomcat.TomcatWebServer  : Tomcat initialized with port(s): 8888 (http)
2020-04-23 19:09:50.005  INFO 17488 --- [restartedMain] o.apache.catalina.core.StandardService   : Starting service [Tomcat]
2020-04-23 19:09:50.006  INFO 17488 --- [restartedMain] org.apache.catalina.core.StandardEngine  : Starting Servlet engine: [Apache Tomcat/9.0.27]
2020-04-23 19:09:50.133  INFO 17488 --- [restartedMain] o.a.c.c.C.[Tomcat].[localhost].[/]       : Initializing Spring embedded WebApplicationContext
2020-04-23 19:09:50.134  INFO 17488 --- [restartedMain] o.s.web.context.ContextLoader            : Root WebApplicationContext: initialization completed in 2227 ms
2020-04-23 19:09:51.076  INFO 17488 --- [restartedMain] o.s.s.concurrent.ThreadPoolTaskExecutor  : Initializing ExecutorService 'applicationTaskExecutor'
2020-04-23 19:09:51.156  INFO 17488 --- [restartedMain] o.s.b.a.w.s.WelcomePageHandlerMapping    : Adding welcome page template: index
2020-04-23 19:09:51.338  INFO 17488 --- [restartedMain] o.s.s.c.ThreadPoolTaskScheduler          : Initializing ExecutorService 'taskScheduler'
2020-04-23 19:09:51.495  INFO 17488 --- [restartedMain] o.s.b.d.a.OptionalLiveReloadServer       : LiveReload server is running on port 35729
2020-04-23 19:09:51.517  INFO 17488 --- [scheduling-1] l.m.community.schedule.HotTagTasks       : hotTagSchedule start: Thu Apr 23 19:09:51 CST 2020
2020-04-23 19:09:51.567  INFO 17488 --- [restartedMain] o.s.b.w.embedded.tomcat.TomcatWebServer  : Tomcat started on port(s): 8888 (http) with context path ''
2020-04-23 19:09:51.575  INFO 17488 --- [restartedMain] l.m.community.CommunityApplication       : Started CommunityApplication in 4.922 seconds (JVM running for 7.664)
2020-04-23 19:09:51.597  INFO 17488 --- [scheduling-1] com.zaxxer.hikari.HikariDataSource       : HikariPool-1 - Starting...
2020-04-23 19:09:52.013  INFO 17488 --- [scheduling-1] com.zaxxer.hikari.HikariDataSource       : HikariPool-1 - Start completed.
2020-04-23 19:09:52.341  INFO 17488 --- [scheduling-1] l.m.community.schedule.HotTagTasks       : hotTagSchedule stop: Thu Apr 23 19:09:52 CST 2020
2020-04-23 19:10:07.086  INFO 17488 --- [http-nio-8888-exec-2] o.a.c.c.C.[Tomcat].[localhost].[/]       : Initializing Spring DispatcherServlet 'dispatcherServlet'
2020-04-23 19:10:07.087  INFO 17488 --- [http-nio-8888-exec-2] o.s.web.servlet.DispatcherServlet        : Initializing Servlet 'dispatcherServlet'
2020-04-23 19:10:07.095  INFO 17488 --- [http-nio-8888-exec-2] o.s.web.servlet.DispatcherServlet        : Completed initialization in 8 ms
2020-04-23 19:10:21.519  INFO 17488 --- [scheduling-1] l.m.community.schedule.HotTagTasks       : hotTagSchedule start: Thu Apr 23 19:10:21 CST 2020
2020-04-23 19:10:21.530  INFO 17488 --- [scheduling-1] l.m.community.schedule.HotTagTasks       : hotTagSchedule stop: Thu Apr 23 19:10:21 CST 2020
2020-04-23 19:10:51.519  INFO 17488 --- [scheduling-1] l.m.community.schedule.HotTagTasks       : hotTagSchedule start: Thu Apr 23 19:10:51 CST 2020
2020-04-23 19:10:51.523  INFO 17488 --- [scheduling-1] l.m.community.schedule.HotTagTasks       : hotTagSchedule stop: Thu Apr 23 19:10:51 CST 2020
2020-04-23 19:11:21.517  INFO 17488 --- [scheduling-1] l.m.community.schedule.HotTagTasks       : hotTagSchedule start: Thu Apr 23 19:11:21 CST 2020
2020-04-23 19:11:21.523  INFO 17488 --- [scheduling-1] l.m.community.schedule.HotTagTasks       : hotTagSchedule stop: Thu Apr 23 19:11:21 CST 2020
2020-04-23 19:11:51.518  INFO 17488 --- [scheduling-1] l.m.community.schedule.HotTagTasks       : hotTagSchedule start: Thu Apr 23 19:11:51 CST 2020
2020-04-23 19:11:51.524  INFO 17488 --- [scheduling-1] l.m.community.schedule.HotTagTasks       : hotTagSchedule stop: Thu Apr 23 19:11:51 CST 2020
2020-04-23 19:12:21.518  INFO 17488 --- [scheduling-1] l.m.community.schedule.HotTagTasks       : hotTagSchedule start: Thu Apr 23 19:12:21 CST 2020
2020-04-23 19:12:21.520  INFO 17488 --- [scheduling-1] l.m.community.schedule.HotTagTasks       : hotTagSchedule stop: Thu Apr 23 19:12:21 CST 2020
2020-04-23 19:12:51.517  INFO 17488 --- [scheduling-1] l.m.community.schedule.HotTagTasks       : hotTagSchedule start: Thu Apr 23 19:12:51 CST 2020
2020-04-23 19:12:51.524  INFO 17488 --- [scheduling-1] l.m.community.schedule.HotTagTasks       : hotTagSchedule stop: Thu Apr 23 19:12:51 CST 2020
2020-04-23 19:16:10.311  INFO 18024 --- [restartedMain] l.m.community.CommunityApplication       : Starting CommunityApplication on DESKTOP-P1VCURD with PID 18024 (E:\Maven\community\target\classes started by user in E:\Maven\community)
2020-04-23 19:16:10.319  INFO 18024 --- [restartedMain] l.m.community.CommunityApplication       : No active profile set, falling back to default profiles: default
2020-04-23 19:16:10.426  INFO 18024 --- [restartedMain] .e.DevToolsPropertyDefaultsPostProcessor : Devtools property defaults active! Set 'spring.devtools.add-properties' to 'false' to disable
2020-04-23 19:16:10.427  INFO 18024 --- [restartedMain] .e.DevToolsPropertyDefaultsPostProcessor : For additional web related logging consider setting the 'logging.level.web' property to 'DEBUG'
2020-04-23 19:16:12.763  INFO 18024 --- [restartedMain] o.s.b.w.embedded.tomcat.TomcatWebServer  : Tomcat initialized with port(s): 8888 (http)
2020-04-23 19:16:12.787  INFO 18024 --- [restartedMain] o.apache.catalina.core.StandardService   : Starting service [Tomcat]
2020-04-23 19:16:12.788  INFO 18024 --- [restartedMain] org.apache.catalina.core.StandardEngine  : Starting Servlet engine: [Apache Tomcat/9.0.27]
2020-04-23 19:16:13.021  INFO 18024 --- [restartedMain] o.a.c.c.C.[Tomcat].[localhost].[/]       : Initializing Spring embedded WebApplicationContext
2020-04-23 19:16:13.022  INFO 18024 --- [restartedMain] o.s.web.context.ContextLoader            : Root WebApplicationContext: initialization completed in 2595 ms
2020-04-23 19:16:14.462  INFO 18024 --- [restartedMain] o.s.s.concurrent.ThreadPoolTaskExecutor  : Initializing ExecutorService 'applicationTaskExecutor'
2020-04-23 19:16:14.586  INFO 18024 --- [restartedMain] o.s.b.a.w.s.WelcomePageHandlerMapping    : Adding welcome page template: index
2020-04-23 19:16:14.791  INFO 18024 --- [restartedMain] o.s.s.c.ThreadPoolTaskScheduler          : Initializing ExecutorService 'taskScheduler'
2020-04-23 19:16:14.950  INFO 18024 --- [restartedMain] o.s.b.d.a.OptionalLiveReloadServer       : LiveReload server is running on port 35729
2020-04-23 19:16:14.989  INFO 18024 --- [scheduling-1] l.m.community.schedule.HotTagTasks       : hotTagSchedule start: Thu Apr 23 19:16:14 CST 2020
2020-04-23 19:16:15.046  INFO 18024 --- [restartedMain] o.s.b.w.embedded.tomcat.TomcatWebServer  : Tomcat started on port(s): 8888 (http) with context path ''
2020-04-23 19:16:15.051  INFO 18024 --- [restartedMain] l.m.community.CommunityApplication       : Started CommunityApplication in 5.623 seconds (JVM running for 8.334)
2020-04-23 19:16:15.073  INFO 18024 --- [scheduling-1] com.zaxxer.hikari.HikariDataSource       : HikariPool-1 - Starting...
2020-04-23 19:16:15.368  INFO 18024 --- [scheduling-1] com.zaxxer.hikari.HikariDataSource       : HikariPool-1 - Start completed.
2020-04-23 19:16:15.425  INFO 18024 --- [scheduling-1] l.m.community.schedule.HotTagTasks       : hotTagSchedule stop: Thu Apr 23 19:16:15 CST 2020
2020-04-23 19:16:44.986  INFO 18024 --- [scheduling-1] l.m.community.schedule.HotTagTasks       : hotTagSchedule start: Thu Apr 23 19:16:44 CST 2020
2020-04-23 19:16:44.992  INFO 18024 --- [scheduling-1] l.m.community.schedule.HotTagTasks       : hotTagSchedule stop: Thu Apr 23 19:16:44 CST 2020
2020-04-23 19:20:10.491  INFO 12652 --- [restartedMain] l.m.community.CommunityApplication       : Starting CommunityApplication on DESKTOP-P1VCURD with PID 12652 (E:\Maven\community\target\classes started by user in E:\Maven\community)
2020-04-23 19:20:10.498  INFO 12652 --- [restartedMain] l.m.community.CommunityApplication       : No active profile set, falling back to default profiles: default
2020-04-23 19:20:10.711  INFO 12652 --- [restartedMain] .e.DevToolsPropertyDefaultsPostProcessor : Devtools property defaults active! Set 'spring.devtools.add-properties' to 'false' to disable
2020-04-23 19:20:10.712  INFO 12652 --- [restartedMain] .e.DevToolsPropertyDefaultsPostProcessor : For additional web related logging consider setting the 'logging.level.web' property to 'DEBUG'
2020-04-23 19:20:13.223  INFO 12652 --- [restartedMain] o.s.b.w.embedded.tomcat.TomcatWebServer  : Tomcat initialized with port(s): 8888 (http)
2020-04-23 19:20:13.237  INFO 12652 --- [restartedMain] o.apache.catalina.core.StandardService   : Starting service [Tomcat]
2020-04-23 19:20:13.237  INFO 12652 --- [restartedMain] org.apache.catalina.core.StandardEngine  : Starting Servlet engine: [Apache Tomcat/9.0.27]
2020-04-23 19:20:13.415  INFO 12652 --- [restartedMain] o.a.c.c.C.[Tomcat].[localhost].[/]       : Initializing Spring embedded WebApplicationContext
2020-04-23 19:20:13.416  INFO 12652 --- [restartedMain] o.s.web.context.ContextLoader            : Root WebApplicationContext: initialization completed in 2702 ms
2020-04-23 19:20:14.553  INFO 12652 --- [restartedMain] o.s.s.concurrent.ThreadPoolTaskExecutor  : Initializing ExecutorService 'applicationTaskExecutor'
2020-04-23 19:20:14.651  INFO 12652 --- [restartedMain] o.s.b.a.w.s.WelcomePageHandlerMapping    : Adding welcome page template: index
2020-04-23 19:20:14.797  INFO 12652 --- [restartedMain] o.s.s.c.ThreadPoolTaskScheduler          : Initializing ExecutorService 'taskScheduler'
2020-04-23 19:20:14.909  INFO 12652 --- [restartedMain] o.s.b.d.a.OptionalLiveReloadServer       : LiveReload server is running on port 35729
2020-04-23 19:20:14.941  INFO 12652 --- [scheduling-1] l.m.community.schedule.HotTagTasks       : hotTagSchedule start: Thu Apr 23 19:20:14 CST 2020
2020-04-23 19:20:14.982  INFO 12652 --- [restartedMain] o.s.b.w.embedded.tomcat.TomcatWebServer  : Tomcat started on port(s): 8888 (http) with context path ''
2020-04-23 19:20:14.988  INFO 12652 --- [restartedMain] l.m.community.CommunityApplication       : Started CommunityApplication in 5.629 seconds (JVM running for 7.203)
2020-04-23 19:20:15.006  INFO 12652 --- [scheduling-1] com.zaxxer.hikari.HikariDataSource       : HikariPool-1 - Starting...
2020-04-23 19:20:15.310  INFO 12652 --- [scheduling-1] com.zaxxer.hikari.HikariDataSource       : HikariPool-1 - Start completed.
2020-04-23 19:20:15.349  INFO 12652 --- [scheduling-1] l.m.community.schedule.HotTagTasks       : hotTagSchedule stop: Thu Apr 23 19:20:15 CST 2020
2020-04-23 19:20:23.541  INFO 12652 --- [http-nio-8888-exec-1] o.a.c.c.C.[Tomcat].[localhost].[/]       : Initializing Spring DispatcherServlet 'dispatcherServlet'
2020-04-23 19:20:23.542  INFO 12652 --- [http-nio-8888-exec-1] o.s.web.servlet.DispatcherServlet        : Initializing Servlet 'dispatcherServlet'
2020-04-23 19:20:23.551  INFO 12652 --- [http-nio-8888-exec-1] o.s.web.servlet.DispatcherServlet        : Completed initialization in 8 ms
2020-04-23 19:20:44.941  INFO 12652 --- [scheduling-1] l.m.community.schedule.HotTagTasks       : hotTagSchedule start: Thu Apr 23 19:20:44 CST 2020
2020-04-23 19:20:44.951  INFO 12652 --- [scheduling-1] l.m.community.schedule.HotTagTasks       : hotTagSchedule stop: Thu Apr 23 19:20:44 CST 2020
2020-04-23 19:21:14.942  INFO 12652 --- [scheduling-1] l.m.community.schedule.HotTagTasks       : hotTagSchedule start: Thu Apr 23 19:21:14 CST 2020
2020-04-23 19:21:14.947  INFO 12652 --- [scheduling-1] l.m.community.schedule.HotTagTasks       : hotTagSchedule stop: Thu Apr 23 19:21:14 CST 2020
2020-04-23 19:21:44.942  INFO 12652 --- [scheduling-1] l.m.community.schedule.HotTagTasks       : hotTagSchedule start: Thu Apr 23 19:21:44 CST 2020
2020-04-23 19:21:44.951  INFO 12652 --- [scheduling-1] l.m.community.schedule.HotTagTasks       : hotTagSchedule stop: Thu Apr 23 19:21:44 CST 2020
2020-04-23 19:22:14.942  INFO 12652 --- [scheduling-1] l.m.community.schedule.HotTagTasks       : hotTagSchedule start: Thu Apr 23 19:22:14 CST 2020
2020-04-23 19:22:14.961  INFO 12652 --- [scheduling-1] l.m.community.schedule.HotTagTasks       : hotTagSchedule stop: Thu Apr 23 19:22:14 CST 2020
2020-04-23 19:22:44.942  INFO 12652 --- [scheduling-1] l.m.community.schedule.HotTagTasks       : hotTagSchedule start: Thu Apr 23 19:22:44 CST 2020
2020-04-23 19:22:44.944  INFO 12652 --- [scheduling-1] l.m.community.schedule.HotTagTasks       : hotTagSchedule stop: Thu Apr 23 19:22:44 CST 2020
2020-04-23 19:23:14.941  INFO 12652 --- [scheduling-1] l.m.community.schedule.HotTagTasks       : hotTagSchedule start: Thu Apr 23 19:23:14 CST 2020
2020-04-23 19:23:14.949  INFO 12652 --- [scheduling-1] l.m.community.schedule.HotTagTasks       : hotTagSchedule stop: Thu Apr 23 19:23:14 CST 2020
2020-04-23 19:23:44.942  INFO 12652 --- [scheduling-1] l.m.community.schedule.HotTagTasks       : hotTagSchedule start: Thu Apr 23 19:23:44 CST 2020
2020-04-23 19:23:44.944  INFO 12652 --- [scheduling-1] l.m.community.schedule.HotTagTasks       : hotTagSchedule stop: Thu Apr 23 19:23:44 CST 2020
2020-04-23 19:24:14.943  INFO 12652 --- [scheduling-1] l.m.community.schedule.HotTagTasks       : hotTagSchedule start: Thu Apr 23 19:24:14 CST 2020
2020-04-23 19:24:14.952  INFO 12652 --- [scheduling-1] l.m.community.schedule.HotTagTasks       : hotTagSchedule stop: Thu Apr 23 19:24:14 CST 2020
2020-04-23 19:24:44.943  INFO 12652 --- [scheduling-1] l.m.community.schedule.HotTagTasks       : hotTagSchedule start: Thu Apr 23 19:24:44 CST 2020
2020-04-23 19:24:44.952  INFO 12652 --- [scheduling-1] l.m.community.schedule.HotTagTasks       : hotTagSchedule stop: Thu Apr 23 19:24:44 CST 2020
2020-04-23 19:25:14.943  INFO 12652 --- [scheduling-1] l.m.community.schedule.HotTagTasks       : hotTagSchedule start: Thu Apr 23 19:25:14 CST 2020
2020-04-23 19:25:14.945  INFO 12652 --- [scheduling-1] l.m.community.schedule.HotTagTasks       : hotTagSchedule stop: Thu Apr 23 19:25:14 CST 2020
2020-04-23 19:25:44.941  INFO 12652 --- [scheduling-1] l.m.community.schedule.HotTagTasks       : hotTagSchedule start: Thu Apr 23 19:25:44 CST 2020
2020-04-23 19:25:44.944  INFO 12652 --- [scheduling-1] l.m.community.schedule.HotTagTasks       : hotTagSchedule stop: Thu Apr 23 19:25:44 CST 2020
2020-04-23 19:26:14.941  INFO 12652 --- [scheduling-1] l.m.community.schedule.HotTagTasks       : hotTagSchedule start: Thu Apr 23 19:26:14 CST 2020
2020-04-23 19:26:14.947  INFO 12652 --- [scheduling-1] l.m.community.schedule.HotTagTasks       : hotTagSchedule stop: Thu Apr 23 19:26:14 CST 2020
2020-04-23 19:26:44.943  INFO 12652 --- [scheduling-1] l.m.community.schedule.HotTagTasks       : hotTagSchedule start: Thu Apr 23 19:26:44 CST 2020
2020-04-23 19:26:44.945  INFO 12652 --- [scheduling-1] l.m.community.schedule.HotTagTasks       : hotTagSchedule stop: Thu Apr 23 19:26:44 CST 2020
2020-04-23 19:27:14.941  INFO 12652 --- [scheduling-1] l.m.community.schedule.HotTagTasks       : hotTagSchedule start: Thu Apr 23 19:27:14 CST 2020
2020-04-23 19:27:14.945  INFO 12652 --- [scheduling-1] l.m.community.schedule.HotTagTasks       : hotTagSchedule stop: Thu Apr 23 19:27:14 CST 2020
2020-04-23 19:27:43.845  INFO 11072 --- [restartedMain] l.m.community.CommunityApplication       : Starting CommunityApplication on DESKTOP-P1VCURD with PID 11072 (E:\Maven\community\target\classes started by user in E:\Maven\community)
2020-04-23 19:27:43.851  INFO 11072 --- [restartedMain] l.m.community.CommunityApplication       : No active profile set, falling back to default profiles: default
2020-04-23 19:27:43.992  INFO 11072 --- [restartedMain] .e.DevToolsPropertyDefaultsPostProcessor : Devtools property defaults active! Set 'spring.devtools.add-properties' to 'false' to disable
2020-04-23 19:27:44.004  INFO 11072 --- [restartedMain] .e.DevToolsPropertyDefaultsPostProcessor : For additional web related logging consider setting the 'logging.level.web' property to 'DEBUG'
2020-04-23 19:27:46.587  INFO 11072 --- [restartedMain] o.s.b.w.embedded.tomcat.TomcatWebServer  : Tomcat initialized with port(s): 8888 (http)
2020-04-23 19:27:46.605  INFO 11072 --- [restartedMain] o.apache.catalina.core.StandardService   : Starting service [Tomcat]
2020-04-23 19:27:46.605  INFO 11072 --- [restartedMain] org.apache.catalina.core.StandardEngine  : Starting Servlet engine: [Apache Tomcat/9.0.27]
2020-04-23 19:27:46.909  INFO 11072 --- [restartedMain] o.a.c.c.C.[Tomcat].[localhost].[/]       : Initializing Spring embedded WebApplicationContext
2020-04-23 19:27:46.911  INFO 11072 --- [restartedMain] o.s.web.context.ContextLoader            : Root WebApplicationContext: initialization completed in 2906 ms
2020-04-23 19:27:48.451  INFO 11072 --- [restartedMain] o.s.s.concurrent.ThreadPoolTaskExecutor  : Initializing ExecutorService 'applicationTaskExecutor'
2020-04-23 19:27:48.552  INFO 11072 --- [restartedMain] o.s.b.a.w.s.WelcomePageHandlerMapping    : Adding welcome page template: index
2020-04-23 19:27:48.762  INFO 11072 --- [restartedMain] o.s.s.c.ThreadPoolTaskScheduler          : Initializing ExecutorService 'taskScheduler'
2020-04-23 19:27:48.903  INFO 11072 --- [restartedMain] o.s.b.d.a.OptionalLiveReloadServer       : LiveReload server is running on port 35729
2020-04-23 19:27:48.939  INFO 11072 --- [scheduling-1] l.m.community.schedule.HotTagTasks       : hotTagSchedule start: Thu Apr 23 19:27:48 CST 2020
2020-04-23 19:27:49.002  INFO 11072 --- [restartedMain] o.s.b.w.embedded.tomcat.TomcatWebServer  : Tomcat started on port(s): 8888 (http) with context path ''
2020-04-23 19:27:49.019  INFO 11072 --- [restartedMain] l.m.community.CommunityApplication       : Started CommunityApplication in 5.978 seconds (JVM running for 7.474)
2020-04-23 19:27:49.028  INFO 11072 --- [scheduling-1] com.zaxxer.hikari.HikariDataSource       : HikariPool-1 - Starting...
2020-04-23 19:27:49.318  INFO 11072 --- [scheduling-1] com.zaxxer.hikari.HikariDataSource       : HikariPool-1 - Start completed.
2020-04-23 19:27:49.354  INFO 11072 --- [scheduling-1] l.m.community.schedule.HotTagTasks       : hotTagSchedule stop: Thu Apr 23 19:27:49 CST 2020
2020-04-23 19:28:18.938  INFO 11072 --- [scheduling-1] l.m.community.schedule.HotTagTasks       : hotTagSchedule start: Thu Apr 23 19:28:18 CST 2020
2020-04-23 19:28:18.955  INFO 11072 --- [scheduling-1] l.m.community.schedule.HotTagTasks       : hotTagSchedule stop: Thu Apr 23 19:28:18 CST 2020
2020-04-23 19:28:48.937  INFO 11072 --- [scheduling-1] l.m.community.schedule.HotTagTasks       : hotTagSchedule start: Thu Apr 23 19:28:48 CST 2020
2020-04-23 19:28:48.946  INFO 11072 --- [scheduling-1] l.m.community.schedule.HotTagTasks       : hotTagSchedule stop: Thu Apr 23 19:28:48 CST 2020
2020-04-23 19:29:18.937  INFO 11072 --- [scheduling-1] l.m.community.schedule.HotTagTasks       : hotTagSchedule start: Thu Apr 23 19:29:18 CST 2020
2020-04-23 19:29:18.943  INFO 11072 --- [scheduling-1] l.m.community.schedule.HotTagTasks       : hotTagSchedule stop: Thu Apr 23 19:29:18 CST 2020
2020-04-23 19:29:28.798  INFO 1540 --- [restartedMain] l.m.community.CommunityApplication       : Starting CommunityApplication on DESKTOP-P1VCURD with PID 1540 (E:\Maven\community\target\classes started by user in E:\Maven\community)
2020-04-23 19:29:28.806  INFO 1540 --- [restartedMain] l.m.community.CommunityApplication       : No active profile set, falling back to default profiles: default
2020-04-23 19:29:28.921  INFO 1540 --- [restartedMain] .e.DevToolsPropertyDefaultsPostProcessor : Devtools property defaults active! Set 'spring.devtools.add-properties' to 'false' to disable
2020-04-23 19:29:28.921  INFO 1540 --- [restartedMain] .e.DevToolsPropertyDefaultsPostProcessor : For additional web related logging consider setting the 'logging.level.web' property to 'DEBUG'
2020-04-23 19:29:31.051  INFO 1540 --- [restartedMain] o.s.b.w.embedded.tomcat.TomcatWebServer  : Tomcat initialized with port(s): 8888 (http)
2020-04-23 19:29:31.062  INFO 1540 --- [restartedMain] o.apache.catalina.core.StandardService   : Starting service [Tomcat]
2020-04-23 19:29:31.062  INFO 1540 --- [restartedMain] org.apache.catalina.core.StandardEngine  : Starting Servlet engine: [Apache Tomcat/9.0.27]
2020-04-23 19:29:31.191  INFO 1540 --- [restartedMain] o.a.c.c.C.[Tomcat].[localhost].[/]       : Initializing Spring embedded WebApplicationContext
2020-04-23 19:29:31.191  INFO 1540 --- [restartedMain] o.s.web.context.ContextLoader            : Root WebApplicationContext: initialization completed in 2269 ms
2020-04-23 19:29:32.201  INFO 1540 --- [restartedMain] o.s.s.concurrent.ThreadPoolTaskExecutor  : Initializing ExecutorService 'applicationTaskExecutor'
2020-04-23 19:29:32.285  INFO 1540 --- [restartedMain] o.s.b.a.w.s.WelcomePageHandlerMapping    : Adding welcome page template: index
2020-04-23 19:29:32.399  INFO 1540 --- [restartedMain] o.s.s.c.ThreadPoolTaskScheduler          : Initializing ExecutorService 'taskScheduler'
2020-04-23 19:29:32.517  INFO 1540 --- [restartedMain] o.s.b.d.a.OptionalLiveReloadServer       : LiveReload server is running on port 35729
2020-04-23 19:29:32.543  INFO 1540 --- [scheduling-1] l.m.community.schedule.HotTagTasks       : hotTagSchedule start: Thu Apr 23 19:29:32 CST 2020
2020-04-23 19:29:32.576  INFO 1540 --- [restartedMain] o.s.b.w.embedded.tomcat.TomcatWebServer  : Tomcat started on port(s): 8888 (http) with context path ''
2020-04-23 19:29:32.581  INFO 1540 --- [restartedMain] l.m.community.CommunityApplication       : Started CommunityApplication in 4.825 seconds (JVM running for 6.999)
2020-04-23 19:29:32.591  INFO 1540 --- [scheduling-1] com.zaxxer.hikari.HikariDataSource       : HikariPool-1 - Starting...
2020-04-23 19:29:32.824  INFO 1540 --- [scheduling-1] com.zaxxer.hikari.HikariDataSource       : HikariPool-1 - Start completed.
2020-04-23 19:29:32.860  INFO 1540 --- [scheduling-1] l.m.community.schedule.HotTagTasks       : hotTagSchedule stop: Thu Apr 23 19:29:32 CST 2020
2020-04-23 19:30:02.545  INFO 1540 --- [scheduling-1] l.m.community.schedule.HotTagTasks       : hotTagSchedule start: Thu Apr 23 19:30:02 CST 2020
2020-04-23 19:30:02.551  INFO 1540 --- [scheduling-1] l.m.community.schedule.HotTagTasks       : hotTagSchedule stop: Thu Apr 23 19:30:02 CST 2020
2020-04-23 19:30:32.545  INFO 1540 --- [scheduling-1] l.m.community.schedule.HotTagTasks       : hotTagSchedule start: Thu Apr 23 19:30:32 CST 2020
2020-04-23 19:30:32.555  INFO 1540 --- [scheduling-1] l.m.community.schedule.HotTagTasks       : hotTagSchedule stop: Thu Apr 23 19:30:32 CST 2020
2020-04-23 19:31:02.545  INFO 1540 --- [scheduling-1] l.m.community.schedule.HotTagTasks       : hotTagSchedule start: Thu Apr 23 19:31:02 CST 2020
2020-04-23 19:31:02.554  INFO 1540 --- [scheduling-1] l.m.community.schedule.HotTagTasks       : hotTagSchedule stop: Thu Apr 23 19:31:02 CST 2020
2020-04-23 19:31:32.545  INFO 1540 --- [scheduling-1] l.m.community.schedule.HotTagTasks       : hotTagSchedule start: Thu Apr 23 19:31:32 CST 2020
2020-04-23 19:31:32.555  INFO 1540 --- [scheduling-1] l.m.community.schedule.HotTagTasks       : hotTagSchedule stop: Thu Apr 23 19:31:32 CST 2020
2020-04-23 19:32:02.545  INFO 1540 --- [scheduling-1] l.m.community.schedule.HotTagTasks       : hotTagSchedule start: Thu Apr 23 19:32:02 CST 2020
2020-04-23 19:32:02.549  INFO 1540 --- [scheduling-1] l.m.community.schedule.HotTagTasks       : hotTagSchedule stop: Thu Apr 23 19:32:02 CST 2020
2020-04-23 19:32:32.544  INFO 1540 --- [scheduling-1] l.m.community.schedule.HotTagTasks       : hotTagSchedule start: Thu Apr 23 19:32:32 CST 2020
2020-04-23 19:32:32.554  INFO 1540 --- [scheduling-1] l.m.community.schedule.HotTagTasks       : hotTagSchedule stop: Thu Apr 23 19:32:32 CST 2020
2020-04-23 19:33:02.544  INFO 1540 --- [scheduling-1] l.m.community.schedule.HotTagTasks       : hotTagSchedule start: Thu Apr 23 19:33:02 CST 2020
2020-04-23 19:33:02.553  INFO 1540 --- [scheduling-1] l.m.community.schedule.HotTagTasks       : hotTagSchedule stop: Thu Apr 23 19:33:02 CST 2020
2020-04-23 19:33:32.544  INFO 1540 --- [scheduling-1] l.m.community.schedule.HotTagTasks       : hotTagSchedule start: Thu Apr 23 19:33:32 CST 2020
2020-04-23 19:33:32.553  INFO 1540 --- [scheduling-1] l.m.community.schedule.HotTagTasks       : hotTagSchedule stop: Thu Apr 23 19:33:32 CST 2020
2020-04-23 19:34:02.544  INFO 1540 --- [scheduling-1] l.m.community.schedule.HotTagTasks       : hotTagSchedule start: Thu Apr 23 19:34:02 CST 2020
2020-04-23 19:34:02.548  INFO 1540 --- [scheduling-1] l.m.community.schedule.HotTagTasks       : hotTagSchedule stop: Thu Apr 23 19:34:02 CST 2020
2020-04-23 19:34:32.544  INFO 1540 --- [scheduling-1] l.m.community.schedule.HotTagTasks       : hotTagSchedule start: Thu Apr 23 19:34:32 CST 2020
2020-04-23 19:34:32.555  INFO 1540 --- [scheduling-1] l.m.community.schedule.HotTagTasks       : hotTagSchedule stop: Thu Apr 23 19:34:32 CST 2020
2020-04-23 19:35:02.545  INFO 1540 --- [scheduling-1] l.m.community.schedule.HotTagTasks       : hotTagSchedule start: Thu Apr 23 19:35:02 CST 2020
2020-04-23 19:35:02.555  INFO 1540 --- [scheduling-1] l.m.community.schedule.HotTagTasks       : hotTagSchedule stop: Thu Apr 23 19:35:02 CST 2020
2020-04-23 19:35:32.544  INFO 1540 --- [scheduling-1] l.m.community.schedule.HotTagTasks       : hotTagSchedule start: Thu Apr 23 19:35:32 CST 2020
2020-04-23 19:35:32.552  INFO 1540 --- [scheduling-1] l.m.community.schedule.HotTagTasks       : hotTagSchedule stop: Thu Apr 23 19:35:32 CST 2020
2020-04-23 19:36:02.544  INFO 1540 --- [scheduling-1] l.m.community.schedule.HotTagTasks       : hotTagSchedule start: Thu Apr 23 19:36:02 CST 2020
2020-04-23 19:36:02.547  INFO 1540 --- [scheduling-1] l.m.community.schedule.HotTagTasks       : hotTagSchedule stop: Thu Apr 23 19:36:02 CST 2020
2020-04-23 19:36:32.544  INFO 1540 --- [scheduling-1] l.m.community.schedule.HotTagTasks       : hotTagSchedule start: Thu Apr 23 19:36:32 CST 2020
2020-04-23 19:36:32.552  INFO 1540 --- [scheduling-1] l.m.community.schedule.HotTagTasks       : hotTagSchedule stop: Thu Apr 23 19:36:32 CST 2020
2020-04-23 19:37:02.545  INFO 1540 --- [scheduling-1] l.m.community.schedule.HotTagTasks       : hotTagSchedule start: Thu Apr 23 19:37:02 CST 2020
2020-04-23 19:37:02.554  INFO 1540 --- [scheduling-1] l.m.community.schedule.HotTagTasks       : hotTagSchedule stop: Thu Apr 23 19:37:02 CST 2020
2020-04-23 19:37:32.545  INFO 1540 --- [scheduling-1] l.m.community.schedule.HotTagTasks       : hotTagSchedule start: Thu Apr 23 19:37:32 CST 2020
2020-04-23 19:37:32.550  INFO 1540 --- [scheduling-1] l.m.community.schedule.HotTagTasks       : hotTagSchedule stop: Thu Apr 23 19:37:32 CST 2020
2020-04-23 19:38:02.545  INFO 1540 --- [scheduling-1] l.m.community.schedule.HotTagTasks       : hotTagSchedule start: Thu Apr 23 19:38:02 CST 2020
2020-04-23 19:38:02.553  INFO 1540 --- [scheduling-1] l.m.community.schedule.HotTagTasks       : hotTagSchedule stop: Thu Apr 23 19:38:02 CST 2020
2020-04-23 19:38:32.545  INFO 1540 --- [scheduling-1] l.m.community.schedule.HotTagTasks       : hotTagSchedule start: Thu Apr 23 19:38:32 CST 2020
2020-04-23 19:38:32.552  INFO 1540 --- [scheduling-1] l.m.community.schedule.HotTagTasks       : hotTagSchedule stop: Thu Apr 23 19:38:32 CST 2020
2020-04-23 19:39:02.544  INFO 1540 --- [scheduling-1] l.m.community.schedule.HotTagTasks       : hotTagSchedule start: Thu Apr 23 19:39:02 CST 2020
2020-04-23 19:39:02.551  INFO 1540 --- [scheduling-1] l.m.community.schedule.HotTagTasks       : hotTagSchedule stop: Thu Apr 23 19:39:02 CST 2020
2020-04-23 19:39:32.545  INFO 1540 --- [scheduling-1] l.m.community.schedule.HotTagTasks       : hotTagSchedule start: Thu Apr 23 19:39:32 CST 2020
2020-04-23 19:39:32.551  INFO 1540 --- [scheduling-1] l.m.community.schedule.HotTagTasks       : hotTagSchedule stop: Thu Apr 23 19:39:32 CST 2020
2020-04-23 19:40:02.544  INFO 1540 --- [scheduling-1] l.m.community.schedule.HotTagTasks       : hotTagSchedule start: Thu Apr 23 19:40:02 CST 2020
2020-04-23 19:40:02.551  INFO 1540 --- [scheduling-1] l.m.community.schedule.HotTagTasks       : hotTagSchedule stop: Thu Apr 23 19:40:02 CST 2020
2020-04-23 19:40:32.545  INFO 1540 --- [scheduling-1] l.m.community.schedule.HotTagTasks       : hotTagSchedule start: Thu Apr 23 19:40:32 CST 2020
2020-04-23 19:40:32.551  INFO 1540 --- [scheduling-1] l.m.community.schedule.HotTagTasks       : hotTagSchedule stop: Thu Apr 23 19:40:32 CST 2020
2020-04-23 19:41:02.544  INFO 1540 --- [scheduling-1] l.m.community.schedule.HotTagTasks       : hotTagSchedule start: Thu Apr 23 19:41:02 CST 2020
2020-04-23 19:41:02.550  INFO 1540 --- [scheduling-1] l.m.community.schedule.HotTagTasks       : hotTagSchedule stop: Thu Apr 23 19:41:02 CST 2020
2020-04-23 19:41:32.545  INFO 1540 --- [scheduling-1] l.m.community.schedule.HotTagTasks       : hotTagSchedule start: Thu Apr 23 19:41:32 CST 2020
2020-04-23 19:41:32.549  INFO 1540 --- [scheduling-1] l.m.community.schedule.HotTagTasks       : hotTagSchedule stop: Thu Apr 23 19:41:32 CST 2020
2020-04-23 19:42:02.544  INFO 1540 --- [scheduling-1] l.m.community.schedule.HotTagTasks       : hotTagSchedule start: Thu Apr 23 19:42:02 CST 2020
2020-04-23 19:42:02.551  INFO 1540 --- [scheduling-1] l.m.community.schedule.HotTagTasks       : hotTagSchedule stop: Thu Apr 23 19:42:02 CST 2020
2020-04-23 19:42:32.544  INFO 1540 --- [scheduling-1] l.m.community.schedule.HotTagTasks       : hotTagSchedule start: Thu Apr 23 19:42:32 CST 2020
2020-04-23 19:42:32.550  INFO 1540 --- [scheduling-1] l.m.community.schedule.HotTagTasks       : hotTagSchedule stop: Thu Apr 23 19:42:32 CST 2020
2020-04-23 19:43:02.544  INFO 1540 --- [scheduling-1] l.m.community.schedule.HotTagTasks       : hotTagSchedule start: Thu Apr 23 19:43:02 CST 2020
2020-04-23 19:43:02.548  INFO 1540 --- [scheduling-1] l.m.community.schedule.HotTagTasks       : hotTagSchedule stop: Thu Apr 23 19:43:02 CST 2020
2020-04-23 19:43:32.544  INFO 1540 --- [scheduling-1] l.m.community.schedule.HotTagTasks       : hotTagSchedule start: Thu Apr 23 19:43:32 CST 2020
2020-04-23 19:43:32.551  INFO 1540 --- [scheduling-1] l.m.community.schedule.HotTagTasks       : hotTagSchedule stop: Thu Apr 23 19:43:32 CST 2020
2020-04-23 19:44:02.544  INFO 1540 --- [scheduling-1] l.m.community.schedule.HotTagTasks       : hotTagSchedule start: Thu Apr 23 19:44:02 CST 2020
2020-04-23 19:44:02.549  INFO 1540 --- [scheduling-1] l.m.community.schedule.HotTagTasks       : hotTagSchedule stop: Thu Apr 23 19:44:02 CST 2020
2020-04-23 19:44:32.545  INFO 1540 --- [scheduling-1] l.m.community.schedule.HotTagTasks       : hotTagSchedule start: Thu Apr 23 19:44:32 CST 2020
2020-04-23 19:44:32.550  INFO 1540 --- [scheduling-1] l.m.community.schedule.HotTagTasks       : hotTagSchedule stop: Thu Apr 23 19:44:32 CST 2020
2020-04-23 19:45:02.545  INFO 1540 --- [scheduling-1] l.m.community.schedule.HotTagTasks       : hotTagSchedule start: Thu Apr 23 19:45:02 CST 2020
2020-04-23 19:45:02.547  INFO 1540 --- [scheduling-1] l.m.community.schedule.HotTagTasks       : hotTagSchedule stop: Thu Apr 23 19:45:02 CST 2020
2020-04-23 19:45:32.544  INFO 1540 --- [scheduling-1] l.m.community.schedule.HotTagTasks       : hotTagSchedule start: Thu Apr 23 19:45:32 CST 2020
2020-04-23 19:45:32.549  INFO 1540 --- [scheduling-1] l.m.community.schedule.HotTagTasks       : hotTagSchedule stop: Thu Apr 23 19:45:32 CST 2020
2020-04-23 19:46:02.544  INFO 1540 --- [scheduling-1] l.m.community.schedule.HotTagTasks       : hotTagSchedule start: Thu Apr 23 19:46:02 CST 2020
2020-04-23 19:46:02.546  INFO 1540 --- [scheduling-1] l.m.community.schedule.HotTagTasks       : hotTagSchedule stop: Thu Apr 23 19:46:02 CST 2020
2020-04-23 19:46:32.545  INFO 1540 --- [scheduling-1] l.m.community.schedule.HotTagTasks       : hotTagSchedule start: Thu Apr 23 19:46:32 CST 2020
2020-04-23 19:46:32.547  INFO 1540 --- [scheduling-1] l.m.community.schedule.HotTagTasks       : hotTagSchedule stop: Thu Apr 23 19:46:32 CST 2020
2020-04-23 19:47:02.544  INFO 1540 --- [scheduling-1] l.m.community.schedule.HotTagTasks       : hotTagSchedule start: Thu Apr 23 19:47:02 CST 2020
2020-04-23 19:47:02.547  INFO 1540 --- [scheduling-1] l.m.community.schedule.HotTagTasks       : hotTagSchedule stop: Thu Apr 23 19:47:02 CST 2020
2020-04-23 19:47:32.544  INFO 1540 --- [scheduling-1] l.m.community.schedule.HotTagTasks       : hotTagSchedule start: Thu Apr 23 19:47:32 CST 2020
2020-04-23 19:47:32.546  INFO 1540 --- [scheduling-1] l.m.community.schedule.HotTagTasks       : hotTagSchedule stop: Thu Apr 23 19:47:32 CST 2020
2020-04-23 19:48:02.545  INFO 1540 --- [scheduling-1] l.m.community.schedule.HotTagTasks       : hotTagSchedule start: Thu Apr 23 19:48:02 CST 2020
2020-04-23 19:48:02.546  INFO 1540 --- [scheduling-1] l.m.community.schedule.HotTagTasks       : hotTagSchedule stop: Thu Apr 23 19:48:02 CST 2020
2020-04-23 19:48:32.545  INFO 1540 --- [scheduling-1] l.m.community.schedule.HotTagTasks       : hotTagSchedule start: Thu Apr 23 19:48:32 CST 2020
2020-04-23 19:48:32.553  INFO 1540 --- [scheduling-1] l.m.community.schedule.HotTagTasks       : hotTagSchedule stop: Thu Apr 23 19:48:32 CST 2020
2020-04-23 19:49:02.544  INFO 1540 --- [scheduling-1] l.m.community.schedule.HotTagTasks       : hotTagSchedule start: Thu Apr 23 19:49:02 CST 2020
2020-04-23 19:49:02.546  INFO 1540 --- [scheduling-1] l.m.community.schedule.HotTagTasks       : hotTagSchedule stop: Thu Apr 23 19:49:02 CST 2020
2020-04-23 19:49:32.545  INFO 1540 --- [scheduling-1] l.m.community.schedule.HotTagTasks       : hotTagSchedule start: Thu Apr 23 19:49:32 CST 2020
2020-04-23 19:49:32.550  INFO 1540 --- [scheduling-1] l.m.community.schedule.HotTagTasks       : hotTagSchedule stop: Thu Apr 23 19:49:32 CST 2020
2020-04-23 19:50:02.544  INFO 1540 --- [scheduling-1] l.m.community.schedule.HotTagTasks       : hotTagSchedule start: Thu Apr 23 19:50:02 CST 2020
2020-04-23 19:50:02.547  INFO 1540 --- [scheduling-1] l.m.community.schedule.HotTagTasks       : hotTagSchedule stop: Thu Apr 23 19:50:02 CST 2020
2020-04-23 19:50:32.544  INFO 1540 --- [scheduling-1] l.m.community.schedule.HotTagTasks       : hotTagSchedule start: Thu Apr 23 19:50:32 CST 2020
2020-04-23 19:50:32.546  INFO 1540 --- [scheduling-1] l.m.community.schedule.HotTagTasks       : hotTagSchedule stop: Thu Apr 23 19:50:32 CST 2020
2020-04-23 19:51:02.543  INFO 1540 --- [scheduling-1] l.m.community.schedule.HotTagTasks       : hotTagSchedule start: Thu Apr 23 19:51:02 CST 2020
2020-04-23 19:51:02.546  INFO 1540 --- [scheduling-1] l.m.community.schedule.HotTagTasks       : hotTagSchedule stop: Thu Apr 23 19:51:02 CST 2020
2020-04-23 19:51:32.545  INFO 1540 --- [scheduling-1] l.m.community.schedule.HotTagTasks       : hotTagSchedule start: Thu Apr 23 19:51:32 CST 2020
2020-04-23 19:51:32.547  INFO 1540 --- [scheduling-1] l.m.community.schedule.HotTagTasks       : hotTagSchedule stop: Thu Apr 23 19:51:32 CST 2020
2020-04-23 19:52:02.544  INFO 1540 --- [scheduling-1] l.m.community.schedule.HotTagTasks       : hotTagSchedule start: Thu Apr 23 19:52:02 CST 2020
2020-04-23 19:52:02.546  INFO 1540 --- [scheduling-1] l.m.community.schedule.HotTagTasks       : hotTagSchedule stop: Thu Apr 23 19:52:02 CST 2020
2020-04-23 19:52:32.544  INFO 1540 --- [scheduling-1] l.m.community.schedule.HotTagTasks       : hotTagSchedule start: Thu Apr 23 19:52:32 CST 2020
2020-04-23 19:52:32.547  INFO 1540 --- [scheduling-1] l.m.community.schedule.HotTagTasks       : hotTagSchedule stop: Thu Apr 23 19:52:32 CST 2020
2020-04-23 19:53:02.544  INFO 1540 --- [scheduling-1] l.m.community.schedule.HotTagTasks       : hotTagSchedule start: Thu Apr 23 19:53:02 CST 2020
2020-04-23 19:53:02.545  INFO 1540 --- [scheduling-1] l.m.community.schedule.HotTagTasks       : hotTagSchedule stop: Thu Apr 23 19:53:02 CST 2020
2020-04-23 19:53:32.544  INFO 1540 --- [scheduling-1] l.m.community.schedule.HotTagTasks       : hotTagSchedule start: Thu Apr 23 19:53:32 CST 2020
2020-04-23 19:53:32.547  INFO 1540 --- [scheduling-1] l.m.community.schedule.HotTagTasks       : hotTagSchedule stop: Thu Apr 23 19:53:32 CST 2020
2020-04-23 19:54:02.544  INFO 1540 --- [scheduling-1] l.m.community.schedule.HotTagTasks       : hotTagSchedule start: Thu Apr 23 19:54:02 CST 2020
2020-04-23 19:54:02.545  INFO 1540 --- [scheduling-1] l.m.community.schedule.HotTagTasks       : hotTagSchedule stop: Thu Apr 23 19:54:02 CST 2020
2020-04-23 19:54:32.546  INFO 1540 --- [scheduling-1] l.m.community.schedule.HotTagTasks       : hotTagSchedule start: Thu Apr 23 19:54:32 CST 2020
2020-04-23 19:54:32.558  INFO 1540 --- [scheduling-1] l.m.community.schedule.HotTagTasks       : hotTagSchedule stop: Thu Apr 23 19:54:32 CST 2020
2020-04-23 19:55:02.545  INFO 1540 --- [scheduling-1] l.m.community.schedule.HotTagTasks       : hotTagSchedule start: Thu Apr 23 19:55:02 CST 2020
2020-04-23 19:55:02.547  INFO 1540 --- [scheduling-1] l.m.community.schedule.HotTagTasks       : hotTagSchedule stop: Thu Apr 23 19:55:02 CST 2020
2020-04-23 19:55:32.544  INFO 1540 --- [scheduling-1] l.m.community.schedule.HotTagTasks       : hotTagSchedule start: Thu Apr 23 19:55:32 CST 2020
2020-04-23 19:55:32.546  INFO 1540 --- [scheduling-1] l.m.community.schedule.HotTagTasks       : hotTagSchedule stop: Thu Apr 23 19:55:32 CST 2020
2020-04-23 19:56:02.544  INFO 1540 --- [scheduling-1] l.m.community.schedule.HotTagTasks       : hotTagSchedule start: Thu Apr 23 19:56:02 CST 2020
2020-04-23 19:56:02.545  INFO 1540 --- [scheduling-1] l.m.community.schedule.HotTagTasks       : hotTagSchedule stop: Thu Apr 23 19:56:02 CST 2020
2020-04-23 19:56:32.544  INFO 1540 --- [scheduling-1] l.m.community.schedule.HotTagTasks       : hotTagSchedule start: Thu Apr 23 19:56:32 CST 2020
2020-04-23 19:56:32.546  INFO 1540 --- [scheduling-1] l.m.community.schedule.HotTagTasks       : hotTagSchedule stop: Thu Apr 23 19:56:32 CST 2020
2020-04-23 19:57:02.545  INFO 1540 --- [scheduling-1] l.m.community.schedule.HotTagTasks       : hotTagSchedule start: Thu Apr 23 19:57:02 CST 2020
2020-04-23 19:57:02.547  INFO 1540 --- [scheduling-1] l.m.community.schedule.HotTagTasks       : hotTagSchedule stop: Thu Apr 23 19:57:02 CST 2020
2020-04-23 19:57:32.545  INFO 1540 --- [scheduling-1] l.m.community.schedule.HotTagTasks       : hotTagSchedule start: Thu Apr 23 19:57:32 CST 2020
2020-04-23 19:57:32.547  INFO 1540 --- [scheduling-1] l.m.community.schedule.HotTagTasks       : hotTagSchedule stop: Thu Apr 23 19:57:32 CST 2020
2020-04-23 19:58:02.544  INFO 1540 --- [scheduling-1] l.m.community.schedule.HotTagTasks       : hotTagSchedule start: Thu Apr 23 19:58:02 CST 2020
2020-04-23 19:58:02.545  INFO 1540 --- [scheduling-1] l.m.community.schedule.HotTagTasks       : hotTagSchedule stop: Thu Apr 23 19:58:02 CST 2020
2020-04-23 19:58:23.340  INFO 1540 --- [http-nio-8888-exec-1] o.a.c.c.C.[Tomcat].[localhost].[/]       : Initializing Spring DispatcherServlet 'dispatcherServlet'
2020-04-23 19:58:23.341  INFO 1540 --- [http-nio-8888-exec-1] o.s.web.servlet.DispatcherServlet        : Initializing Servlet 'dispatcherServlet'
2020-04-23 19:58:23.369  INFO 1540 --- [http-nio-8888-exec-1] o.s.web.servlet.DispatcherServlet        : Completed initialization in 28 ms
2020-04-23 19:58:32.544  INFO 1540 --- [scheduling-1] l.m.community.schedule.HotTagTasks       : hotTagSchedule start: Thu Apr 23 19:58:32 CST 2020
2020-04-23 19:58:32.548  INFO 1540 --- [scheduling-1] l.m.community.schedule.HotTagTasks       : hotTagSchedule stop: Thu Apr 23 19:58:32 CST 2020
2020-04-23 19:59:02.544  INFO 1540 --- [scheduling-1] l.m.community.schedule.HotTagTasks       : hotTagSchedule start: Thu Apr 23 19:59:02 CST 2020
2020-04-23 19:59:02.548  INFO 1540 --- [scheduling-1] l.m.community.schedule.HotTagTasks       : hotTagSchedule stop: Thu Apr 23 19:59:02 CST 2020
2020-04-23 19:59:32.545  INFO 1540 --- [scheduling-1] l.m.community.schedule.HotTagTasks       : hotTagSchedule start: Thu Apr 23 19:59:32 CST 2020
2020-04-23 19:59:32.552  INFO 1540 --- [scheduling-1] l.m.community.schedule.HotTagTasks       : hotTagSchedule stop: Thu Apr 23 19:59:32 CST 2020
2020-04-23 20:00:02.545  INFO 1540 --- [scheduling-1] l.m.community.schedule.HotTagTasks       : hotTagSchedule start: Thu Apr 23 20:00:02 CST 2020
2020-04-23 20:00:02.549  INFO 1540 --- [scheduling-1] l.m.community.schedule.HotTagTasks       : hotTagSchedule stop: Thu Apr 23 20:00:02 CST 2020
2020-04-23 20:00:32.544  INFO 1540 --- [scheduling-1] l.m.community.schedule.HotTagTasks       : hotTagSchedule start: Thu Apr 23 20:00:32 CST 2020
2020-04-23 20:00:32.545  INFO 1540 --- [scheduling-1] l.m.community.schedule.HotTagTasks       : hotTagSchedule stop: Thu Apr 23 20:00:32 CST 2020
2020-04-23 20:01:02.544  INFO 1540 --- [scheduling-1] l.m.community.schedule.HotTagTasks       : hotTagSchedule start: Thu Apr 23 20:01:02 CST 2020
2020-04-23 20:01:02.547  INFO 1540 --- [scheduling-1] l.m.community.schedule.HotTagTasks       : hotTagSchedule stop: Thu Apr 23 20:01:02 CST 2020
2020-04-23 20:01:32.545  INFO 1540 --- [scheduling-1] l.m.community.schedule.HotTagTasks       : hotTagSchedule start: Thu Apr 23 20:01:32 CST 2020
2020-04-23 20:01:32.548  INFO 1540 --- [scheduling-1] l.m.community.schedule.HotTagTasks       : hotTagSchedule stop: Thu Apr 23 20:01:32 CST 2020
2020-04-23 20:02:02.545  INFO 1540 --- [scheduling-1] l.m.community.schedule.HotTagTasks       : hotTagSchedule start: Thu Apr 23 20:02:02 CST 2020
2020-04-23 20:02:02.546  INFO 1540 --- [scheduling-1] l.m.community.schedule.HotTagTasks       : hotTagSchedule stop: Thu Apr 23 20:02:02 CST 2020
2020-04-23 20:02:32.544  INFO 1540 --- [scheduling-1] l.m.community.schedule.HotTagTasks       : hotTagSchedule start: Thu Apr 23 20:02:32 CST 2020
2020-04-23 20:02:32.549  INFO 1540 --- [scheduling-1] l.m.community.schedule.HotTagTasks       : hotTagSchedule stop: Thu Apr 23 20:02:32 CST 2020
2020-04-23 20:03:02.544  INFO 1540 --- [scheduling-1] l.m.community.schedule.HotTagTasks       : hotTagSchedule start: Thu Apr 23 20:03:02 CST 2020
2020-04-23 20:03:02.547  INFO 1540 --- [scheduling-1] l.m.community.schedule.HotTagTasks       : hotTagSchedule stop: Thu Apr 23 20:03:02 CST 2020
2020-04-23 20:03:32.544  INFO 1540 --- [scheduling-1] l.m.community.schedule.HotTagTasks       : hotTagSchedule start: Thu Apr 23 20:03:32 CST 2020
2020-04-23 20:03:32.547  INFO 1540 --- [scheduling-1] l.m.community.schedule.HotTagTasks       : hotTagSchedule stop: Thu Apr 23 20:03:32 CST 2020
2020-04-23 20:04:02.545  INFO 1540 --- [scheduling-1] l.m.community.schedule.HotTagTasks       : hotTagSchedule start: Thu Apr 23 20:04:02 CST 2020
2020-04-23 20:04:02.547  INFO 1540 --- [scheduling-1] l.m.community.schedule.HotTagTasks       : hotTagSchedule stop: Thu Apr 23 20:04:02 CST 2020
2020-04-23 20:04:32.545  INFO 1540 --- [scheduling-1] l.m.community.schedule.HotTagTasks       : hotTagSchedule start: Thu Apr 23 20:04:32 CST 2020
2020-04-23 20:04:32.548  INFO 1540 --- [scheduling-1] l.m.community.schedule.HotTagTasks       : hotTagSchedule stop: Thu Apr 23 20:04:32 CST 2020
2020-04-23 20:05:02.544  INFO 1540 --- [scheduling-1] l.m.community.schedule.HotTagTasks       : hotTagSchedule start: Thu Apr 23 20:05:02 CST 2020
2020-04-23 20:05:02.545  INFO 1540 --- [scheduling-1] l.m.community.schedule.HotTagTasks       : hotTagSchedule stop: Thu Apr 23 20:05:02 CST 2020
2020-04-23 20:05:32.558  INFO 1540 --- [scheduling-1] l.m.community.schedule.HotTagTasks       : hotTagSchedule start: Thu Apr 23 20:05:32 CST 2020
2020-04-23 20:05:32.558  INFO 1540 --- [scheduling-1] l.m.community.schedule.HotTagTasks       : hotTagSchedule stop: Thu Apr 23 20:05:32 CST 2020
2020-04-23 20:06:02.544  INFO 1540 --- [scheduling-1] l.m.community.schedule.HotTagTasks       : hotTagSchedule start: Thu Apr 23 20:06:02 CST 2020
2020-04-23 20:06:02.546  INFO 1540 --- [scheduling-1] l.m.community.schedule.HotTagTasks       : hotTagSchedule stop: Thu Apr 23 20:06:02 CST 2020
2020-04-23 20:06:32.544  INFO 1540 --- [scheduling-1] l.m.community.schedule.HotTagTasks       : hotTagSchedule start: Thu Apr 23 20:06:32 CST 2020
2020-04-23 20:06:32.545  INFO 1540 --- [scheduling-1] l.m.community.schedule.HotTagTasks       : hotTagSchedule stop: Thu Apr 23 20:06:32 CST 2020
2020-04-23 20:07:02.544  INFO 1540 --- [scheduling-1] l.m.community.schedule.HotTagTasks       : hotTagSchedule start: Thu Apr 23 20:07:02 CST 2020
2020-04-23 20:07:02.548  INFO 1540 --- [scheduling-1] l.m.community.schedule.HotTagTasks       : hotTagSchedule stop: Thu Apr 23 20:07:02 CST 2020
2020-04-23 20:07:32.544  INFO 1540 --- [scheduling-1] l.m.community.schedule.HotTagTasks       : hotTagSchedule start: Thu Apr 23 20:07:32 CST 2020
2020-04-23 20:07:32.547  INFO 1540 --- [scheduling-1] l.m.community.schedule.HotTagTasks       : hotTagSchedule stop: Thu Apr 23 20:07:32 CST 2020
2020-04-23 20:08:02.545  INFO 1540 --- [scheduling-1] l.m.community.schedule.HotTagTasks       : hotTagSchedule start: Thu Apr 23 20:08:02 CST 2020
2020-04-23 20:08:02.548  INFO 1540 --- [scheduling-1] l.m.community.schedule.HotTagTasks       : hotTagSchedule stop: Thu Apr 23 20:08:02 CST 2020
2020-04-23 20:08:32.546  INFO 1540 --- [scheduling-1] l.m.community.schedule.HotTagTasks       : hotTagSchedule start: Thu Apr 23 20:08:32 CST 2020
2020-04-23 20:08:32.547  INFO 1540 --- [scheduling-1] l.m.community.schedule.HotTagTasks       : hotTagSchedule stop: Thu Apr 23 20:08:32 CST 2020
2020-04-23 20:09:02.545  INFO 1540 --- [scheduling-1] l.m.community.schedule.HotTagTasks       : hotTagSchedule start: Thu Apr 23 20:09:02 CST 2020
2020-04-23 20:09:02.546  INFO 1540 --- [scheduling-1] l.m.community.schedule.HotTagTasks       : hotTagSchedule stop: Thu Apr 23 20:09:02 CST 2020
2020-04-23 20:09:32.544  INFO 1540 --- [scheduling-1] l.m.community.schedule.HotTagTasks       : hotTagSchedule start: Thu Apr 23 20:09:32 CST 2020
2020-04-23 20:09:32.547  INFO 1540 --- [scheduling-1] l.m.community.schedule.HotTagTasks       : hotTagSchedule stop: Thu Apr 23 20:09:32 CST 2020
2020-04-23 20:10:02.545  INFO 1540 --- [scheduling-1] l.m.community.schedule.HotTagTasks       : hotTagSchedule start: Thu Apr 23 20:10:02 CST 2020
2020-04-23 20:10:02.548  INFO 1540 --- [scheduling-1] l.m.community.schedule.HotTagTasks       : hotTagSchedule stop: Thu Apr 23 20:10:02 CST 2020
2020-04-23 20:10:32.544  INFO 1540 --- [scheduling-1] l.m.community.schedule.HotTagTasks       : hotTagSchedule start: Thu Apr 23 20:10:32 CST 2020
2020-04-23 20:10:32.545  INFO 1540 --- [scheduling-1] l.m.community.schedule.HotTagTasks       : hotTagSchedule stop: Thu Apr 23 20:10:32 CST 2020
2020-04-23 20:11:02.545  INFO 1540 --- [scheduling-1] l.m.community.schedule.HotTagTasks       : hotTagSchedule start: Thu Apr 23 20:11:02 CST 2020
2020-04-23 20:11:02.546  INFO 1540 --- [scheduling-1] l.m.community.schedule.HotTagTasks       : hotTagSchedule stop: Thu Apr 23 20:11:02 CST 2020
2020-04-23 20:11:32.545  INFO 1540 --- [scheduling-1] l.m.community.schedule.HotTagTasks       : hotTagSchedule start: Thu Apr 23 20:11:32 CST 2020
2020-04-23 20:11:32.548  INFO 1540 --- [scheduling-1] l.m.community.schedule.HotTagTasks       : hotTagSchedule stop: Thu Apr 23 20:11:32 CST 2020
2020-04-23 20:12:02.544  INFO 1540 --- [scheduling-1] l.m.community.schedule.HotTagTasks       : hotTagSchedule start: Thu Apr 23 20:12:02 CST 2020
2020-04-23 20:12:02.545  INFO 1540 --- [scheduling-1] l.m.community.schedule.HotTagTasks       : hotTagSchedule stop: Thu Apr 23 20:12:02 CST 2020
2020-04-23 20:12:32.545  INFO 1540 --- [scheduling-1] l.m.community.schedule.HotTagTasks       : hotTagSchedule start: Thu Apr 23 20:12:32 CST 2020
2020-04-23 20:12:32.549  INFO 1540 --- [scheduling-1] l.m.community.schedule.HotTagTasks       : hotTagSchedule stop: Thu Apr 23 20:12:32 CST 2020
2020-04-23 20:13:02.544  INFO 1540 --- [scheduling-1] l.m.community.schedule.HotTagTasks       : hotTagSchedule start: Thu Apr 23 20:13:02 CST 2020
2020-04-23 20:13:02.549  INFO 1540 --- [scheduling-1] l.m.community.schedule.HotTagTasks       : hotTagSchedule stop: Thu Apr 23 20:13:02 CST 2020
2020-04-23 20:13:32.544  INFO 1540 --- [scheduling-1] l.m.community.schedule.HotTagTasks       : hotTagSchedule start: Thu Apr 23 20:13:32 CST 2020
2020-04-23 20:13:32.546  INFO 1540 --- [scheduling-1] l.m.community.schedule.HotTagTasks       : hotTagSchedule stop: Thu Apr 23 20:13:32 CST 2020
2020-04-23 20:14:02.544  INFO 1540 --- [scheduling-1] l.m.community.schedule.HotTagTasks       : hotTagSchedule start: Thu Apr 23 20:14:02 CST 2020
2020-04-23 20:14:02.548  INFO 1540 --- [scheduling-1] l.m.community.schedule.HotTagTasks       : hotTagSchedule stop: Thu Apr 23 20:14:02 CST 2020
2020-04-23 20:14:32.545  INFO 1540 --- [scheduling-1] l.m.community.schedule.HotTagTasks       : hotTagSchedule start: Thu Apr 23 20:14:32 CST 2020
2020-04-23 20:14:32.546  INFO 1540 --- [scheduling-1] l.m.community.schedule.HotTagTasks       : hotTagSchedule stop: Thu Apr 23 20:14:32 CST 2020
2020-04-23 20:15:02.544  INFO 1540 --- [scheduling-1] l.m.community.schedule.HotTagTasks       : hotTagSchedule start: Thu Apr 23 20:15:02 CST 2020
2020-04-23 20:15:02.548  INFO 1540 --- [scheduling-1] l.m.community.schedule.HotTagTasks       : hotTagSchedule stop: Thu Apr 23 20:15:02 CST 2020
2020-04-23 20:15:32.544  INFO 1540 --- [scheduling-1] l.m.community.schedule.HotTagTasks       : hotTagSchedule start: Thu Apr 23 20:15:32 CST 2020
2020-04-23 20:15:32.546  INFO 1540 --- [scheduling-1] l.m.community.schedule.HotTagTasks       : hotTagSchedule stop: Thu Apr 23 20:15:32 CST 2020
2020-04-23 20:16:02.545  INFO 1540 --- [scheduling-1] l.m.community.schedule.HotTagTasks       : hotTagSchedule start: Thu Apr 23 20:16:02 CST 2020
2020-04-23 20:16:02.548  INFO 1540 --- [scheduling-1] l.m.community.schedule.HotTagTasks       : hotTagSchedule stop: Thu Apr 23 20:16:02 CST 2020
2020-04-23 20:16:32.544  INFO 1540 --- [scheduling-1] l.m.community.schedule.HotTagTasks       : hotTagSchedule start: Thu Apr 23 20:16:32 CST 2020
2020-04-23 20:16:32.547  INFO 1540 --- [scheduling-1] l.m.community.schedule.HotTagTasks       : hotTagSchedule stop: Thu Apr 23 20:16:32 CST 2020
2020-04-23 20:17:02.544  INFO 1540 --- [scheduling-1] l.m.community.schedule.HotTagTasks       : hotTagSchedule start: Thu Apr 23 20:17:02 CST 2020
2020-04-23 20:17:02.547  INFO 1540 --- [scheduling-1] l.m.community.schedule.HotTagTasks       : hotTagSchedule stop: Thu Apr 23 20:17:02 CST 2020
2020-04-23 20:17:32.545  INFO 1540 --- [scheduling-1] l.m.community.schedule.HotTagTasks       : hotTagSchedule start: Thu Apr 23 20:17:32 CST 2020
2020-04-23 20:17:32.548  INFO 1540 --- [scheduling-1] l.m.community.schedule.HotTagTasks       : hotTagSchedule stop: Thu Apr 23 20:17:32 CST 2020
2020-04-23 20:18:02.545  INFO 1540 --- [scheduling-1] l.m.community.schedule.HotTagTasks       : hotTagSchedule start: Thu Apr 23 20:18:02 CST 2020
2020-04-23 20:18:02.546  INFO 1540 --- [scheduling-1] l.m.community.schedule.HotTagTasks       : hotTagSchedule stop: Thu Apr 23 20:18:02 CST 2020
2020-04-23 20:18:32.545  INFO 1540 --- [scheduling-1] l.m.community.schedule.HotTagTasks       : hotTagSchedule start: Thu Apr 23 20:18:32 CST 2020
2020-04-23 20:18:32.548  INFO 1540 --- [scheduling-1] l.m.community.schedule.HotTagTasks       : hotTagSchedule stop: Thu Apr 23 20:18:32 CST 2020
2020-04-23 20:19:02.545  INFO 1540 --- [scheduling-1] l.m.community.schedule.HotTagTasks       : hotTagSchedule start: Thu Apr 23 20:19:02 CST 2020
2020-04-23 20:19:02.546  INFO 1540 --- [scheduling-1] l.m.community.schedule.HotTagTasks       : hotTagSchedule stop: Thu Apr 23 20:19:02 CST 2020
2020-04-23 20:19:32.544  INFO 1540 --- [scheduling-1] l.m.community.schedule.HotTagTasks       : hotTagSchedule start: Thu Apr 23 20:19:32 CST 2020
2020-04-23 20:19:32.545  INFO 1540 --- [scheduling-1] l.m.community.schedule.HotTagTasks       : hotTagSchedule stop: Thu Apr 23 20:19:32 CST 2020
2020-04-23 20:20:02.544  INFO 1540 --- [scheduling-1] l.m.community.schedule.HotTagTasks       : hotTagSchedule start: Thu Apr 23 20:20:02 CST 2020
2020-04-23 20:20:02.546  INFO 1540 --- [scheduling-1] l.m.community.schedule.HotTagTasks       : hotTagSchedule stop: Thu Apr 23 20:20:02 CST 2020
2020-04-23 20:20:32.544  INFO 1540 --- [scheduling-1] l.m.community.schedule.HotTagTasks       : hotTagSchedule start: Thu Apr 23 20:20:32 CST 2020
2020-04-23 20:20:32.547  INFO 1540 --- [scheduling-1] l.m.community.schedule.HotTagTasks       : hotTagSchedule stop: Thu Apr 23 20:20:32 CST 2020
2020-04-23 20:21:02.545  INFO 1540 --- [scheduling-1] l.m.community.schedule.HotTagTasks       : hotTagSchedule start: Thu Apr 23 20:21:02 CST 2020
2020-04-23 20:21:02.547  INFO 1540 --- [scheduling-1] l.m.community.schedule.HotTagTasks       : hotTagSchedule stop: Thu Apr 23 20:21:02 CST 2020
2020-04-23 20:21:32.545  INFO 1540 --- [scheduling-1] l.m.community.schedule.HotTagTasks       : hotTagSchedule start: Thu Apr 23 20:21:32 CST 2020
2020-04-23 20:21:32.546  INFO 1540 --- [scheduling-1] l.m.community.schedule.HotTagTasks       : hotTagSchedule stop: Thu Apr 23 20:21:32 CST 2020
2020-04-23 20:22:02.545  INFO 1540 --- [scheduling-1] l.m.community.schedule.HotTagTasks       : hotTagSchedule start: Thu Apr 23 20:22:02 CST 2020
2020-04-23 20:22:02.546  INFO 1540 --- [scheduling-1] l.m.community.schedule.HotTagTasks       : hotTagSchedule stop: Thu Apr 23 20:22:02 CST 2020
2020-04-23 20:22:32.545  INFO 1540 --- [scheduling-1] l.m.community.schedule.HotTagTasks       : hotTagSchedule start: Thu Apr 23 20:22:32 CST 2020
2020-04-23 20:22:32.546  INFO 1540 --- [scheduling-1] l.m.community.schedule.HotTagTasks       : hotTagSchedule stop: Thu Apr 23 20:22:32 CST 2020
2020-04-23 20:23:02.545  INFO 1540 --- [scheduling-1] l.m.community.schedule.HotTagTasks       : hotTagSchedule start: Thu Apr 23 20:23:02 CST 2020
2020-04-23 20:23:02.546  INFO 1540 --- [scheduling-1] l.m.community.schedule.HotTagTasks       : hotTagSchedule stop: Thu Apr 23 20:23:02 CST 2020
2020-04-23 20:23:32.545  INFO 1540 --- [scheduling-1] l.m.community.schedule.HotTagTasks       : hotTagSchedule start: Thu Apr 23 20:23:32 CST 2020
2020-04-23 20:23:32.546  INFO 1540 --- [scheduling-1] l.m.community.schedule.HotTagTasks       : hotTagSchedule stop: Thu Apr 23 20:23:32 CST 2020
2020-04-23 20:24:02.545  INFO 1540 --- [scheduling-1] l.m.community.schedule.HotTagTasks       : hotTagSchedule start: Thu Apr 23 20:24:02 CST 2020
2020-04-23 20:24:02.546  INFO 1540 --- [scheduling-1] l.m.community.schedule.HotTagTasks       : hotTagSchedule stop: Thu Apr 23 20:24:02 CST 2020
2020-04-23 20:24:32.544  INFO 1540 --- [scheduling-1] l.m.community.schedule.HotTagTasks       : hotTagSchedule start: Thu Apr 23 20:24:32 CST 2020
2020-04-23 20:24:32.548  INFO 1540 --- [scheduling-1] l.m.community.schedule.HotTagTasks       : hotTagSchedule stop: Thu Apr 23 20:24:32 CST 2020
2020-04-23 20:25:02.545  INFO 1540 --- [scheduling-1] l.m.community.schedule.HotTagTasks       : hotTagSchedule start: Thu Apr 23 20:25:02 CST 2020
2020-04-23 20:25:02.547  INFO 1540 --- [scheduling-1] l.m.community.schedule.HotTagTasks       : hotTagSchedule stop: Thu Apr 23 20:25:02 CST 2020
2020-04-23 20:25:32.545  INFO 1540 --- [scheduling-1] l.m.community.schedule.HotTagTasks       : hotTagSchedule start: Thu Apr 23 20:25:32 CST 2020
2020-04-23 20:25:32.546  INFO 1540 --- [scheduling-1] l.m.community.schedule.HotTagTasks       : hotTagSchedule stop: Thu Apr 23 20:25:32 CST 2020
2020-04-23 20:26:02.544  INFO 1540 --- [scheduling-1] l.m.community.schedule.HotTagTasks       : hotTagSchedule start: Thu Apr 23 20:26:02 CST 2020
2020-04-23 20:26:02.545  INFO 1540 --- [scheduling-1] l.m.community.schedule.HotTagTasks       : hotTagSchedule stop: Thu Apr 23 20:26:02 CST 2020
2020-04-23 20:26:32.544  INFO 1540 --- [scheduling-1] l.m.community.schedule.HotTagTasks       : hotTagSchedule start: Thu Apr 23 20:26:32 CST 2020
2020-04-23 20:26:32.545  INFO 1540 --- [scheduling-1] l.m.community.schedule.HotTagTasks       : hotTagSchedule stop: Thu Apr 23 20:26:32 CST 2020
2020-04-23 20:27:02.544  INFO 1540 --- [scheduling-1] l.m.community.schedule.HotTagTasks       : hotTagSchedule start: Thu Apr 23 20:27:02 CST 2020
2020-04-23 20:27:02.546  INFO 1540 --- [scheduling-1] l.m.community.schedule.HotTagTasks       : hotTagSchedule stop: Thu Apr 23 20:27:02 CST 2020
2020-04-23 20:27:32.545  INFO 1540 --- [scheduling-1] l.m.community.schedule.HotTagTasks       : hotTagSchedule start: Thu Apr 23 20:27:32 CST 2020
2020-04-23 20:27:32.547  INFO 1540 --- [scheduling-1] l.m.community.schedule.HotTagTasks       : hotTagSchedule stop: Thu Apr 23 20:27:32 CST 2020
2020-04-23 20:28:02.545  INFO 1540 --- [scheduling-1] l.m.community.schedule.HotTagTasks       : hotTagSchedule start: Thu Apr 23 20:28:02 CST 2020
2020-04-23 20:28:02.547  INFO 1540 --- [scheduling-1] l.m.community.schedule.HotTagTasks       : hotTagSchedule stop: Thu Apr 23 20:28:02 CST 2020
2020-04-23 20:28:32.544  INFO 1540 --- [scheduling-1] l.m.community.schedule.HotTagTasks       : hotTagSchedule start: Thu Apr 23 20:28:32 CST 2020
2020-04-23 20:28:32.547  INFO 1540 --- [scheduling-1] l.m.community.schedule.HotTagTasks       : hotTagSchedule stop: Thu Apr 23 20:28:32 CST 2020
2020-04-23 20:29:02.545  INFO 1540 --- [scheduling-1] l.m.community.schedule.HotTagTasks       : hotTagSchedule start: Thu Apr 23 20:29:02 CST 2020
2020-04-23 20:29:02.556  INFO 1540 --- [scheduling-1] l.m.community.schedule.HotTagTasks       : hotTagSchedule stop: Thu Apr 23 20:29:02 CST 2020
2020-04-23 20:29:32.545  INFO 1540 --- [scheduling-1] l.m.community.schedule.HotTagTasks       : hotTagSchedule start: Thu Apr 23 20:29:32 CST 2020
2020-04-23 20:29:32.553  INFO 1540 --- [scheduling-1] l.m.community.schedule.HotTagTasks       : hotTagSchedule stop: Thu Apr 23 20:29:32 CST 2020
2020-04-23 20:30:02.544  INFO 1540 --- [scheduling-1] l.m.community.schedule.HotTagTasks       : hotTagSchedule start: Thu Apr 23 20:30:02 CST 2020
2020-04-23 20:30:02.546  INFO 1540 --- [scheduling-1] l.m.community.schedule.HotTagTasks       : hotTagSchedule stop: Thu Apr 23 20:30:02 CST 2020
2020-04-23 20:30:32.544  INFO 1540 --- [scheduling-1] l.m.community.schedule.HotTagTasks       : hotTagSchedule start: Thu Apr 23 20:30:32 CST 2020
2020-04-23 20:30:32.546  INFO 1540 --- [scheduling-1] l.m.community.schedule.HotTagTasks       : hotTagSchedule stop: Thu Apr 23 20:30:32 CST 2020
2020-04-23 20:31:02.545  INFO 1540 --- [scheduling-1] l.m.community.schedule.HotTagTasks       : hotTagSchedule start: Thu Apr 23 20:31:02 CST 2020
2020-04-23 20:31:02.546  INFO 1540 --- [scheduling-1] l.m.community.schedule.HotTagTasks       : hotTagSchedule stop: Thu Apr 23 20:31:02 CST 2020
2020-04-23 20:31:32.546  INFO 1540 --- [scheduling-1] l.m.community.schedule.HotTagTasks       : hotTagSchedule start: Thu Apr 23 20:31:32 CST 2020
2020-04-23 20:31:32.547  INFO 1540 --- [scheduling-1] l.m.community.schedule.HotTagTasks       : hotTagSchedule stop: Thu Apr 23 20:31:32 CST 2020
2020-04-23 20:32:02.544  INFO 1540 --- [scheduling-1] l.m.community.schedule.HotTagTasks       : hotTagSchedule start: Thu Apr 23 20:32:02 CST 2020
2020-04-23 20:32:02.548  INFO 1540 --- [scheduling-1] l.m.community.schedule.HotTagTasks       : hotTagSchedule stop: Thu Apr 23 20:32:02 CST 2020
2020-04-23 20:32:32.546  INFO 1540 --- [scheduling-1] l.m.community.schedule.HotTagTasks       : hotTagSchedule start: Thu Apr 23 20:32:32 CST 2020
2020-04-23 20:32:32.547  INFO 1540 --- [scheduling-1] l.m.community.schedule.HotTagTasks       : hotTagSchedule stop: Thu Apr 23 20:32:32 CST 2020
2020-04-23 20:33:02.544  INFO 1540 --- [scheduling-1] l.m.community.schedule.HotTagTasks       : hotTagSchedule start: Thu Apr 23 20:33:02 CST 2020
2020-04-23 20:33:02.547  INFO 1540 --- [scheduling-1] l.m.community.schedule.HotTagTasks       : hotTagSchedule stop: Thu Apr 23 20:33:02 CST 2020
2020-04-23 20:33:32.545  INFO 1540 --- [scheduling-1] l.m.community.schedule.HotTagTasks       : hotTagSchedule start: Thu Apr 23 20:33:32 CST 2020
2020-04-23 20:33:32.547  INFO 1540 --- [scheduling-1] l.m.community.schedule.HotTagTasks       : hotTagSchedule stop: Thu Apr 23 20:33:32 CST 2020
2020-04-23 20:34:02.544  INFO 1540 --- [scheduling-1] l.m.community.schedule.HotTagTasks       : hotTagSchedule start: Thu Apr 23 20:34:02 CST 2020
2020-04-23 20:34:02.545  INFO 1540 --- [scheduling-1] l.m.community.schedule.HotTagTasks       : hotTagSchedule stop: Thu Apr 23 20:34:02 CST 2020
2020-04-23 20:34:32.544  INFO 1540 --- [scheduling-1] l.m.community.schedule.HotTagTasks       : hotTagSchedule start: Thu Apr 23 20:34:32 CST 2020
2020-04-23 20:34:32.546  INFO 1540 --- [scheduling-1] l.m.community.schedule.HotTagTasks       : hotTagSchedule stop: Thu Apr 23 20:34:32 CST 2020
2020-04-23 20:35:02.544  INFO 1540 --- [scheduling-1] l.m.community.schedule.HotTagTasks       : hotTagSchedule start: Thu Apr 23 20:35:02 CST 2020
2020-04-23 20:35:02.546  INFO 1540 --- [scheduling-1] l.m.community.schedule.HotTagTasks       : hotTagSchedule stop: Thu Apr 23 20:35:02 CST 2020
2020-04-23 20:35:32.544  INFO 1540 --- [scheduling-1] l.m.community.schedule.HotTagTasks       : hotTagSchedule start: Thu Apr 23 20:35:32 CST 2020
2020-04-23 20:35:32.547  INFO 1540 --- [scheduling-1] l.m.community.schedule.HotTagTasks       : hotTagSchedule stop: Thu Apr 23 20:35:32 CST 2020
2020-04-23 20:36:02.544  INFO 1540 --- [scheduling-1] l.m.community.schedule.HotTagTasks       : hotTagSchedule start: Thu Apr 23 20:36:02 CST 2020
2020-04-23 20:36:02.545  INFO 1540 --- [scheduling-1] l.m.community.schedule.HotTagTasks       : hotTagSchedule stop: Thu Apr 23 20:36:02 CST 2020
2020-04-23 20:36:32.545  INFO 1540 --- [scheduling-1] l.m.community.schedule.HotTagTasks       : hotTagSchedule start: Thu Apr 23 20:36:32 CST 2020
2020-04-23 20:36:32.548  INFO 1540 --- [scheduling-1] l.m.community.schedule.HotTagTasks       : hotTagSchedule stop: Thu Apr 23 20:36:32 CST 2020
2020-04-23 20:37:02.544  INFO 1540 --- [scheduling-1] l.m.community.schedule.HotTagTasks       : hotTagSchedule start: Thu Apr 23 20:37:02 CST 2020
2020-04-23 20:37:02.545  INFO 1540 --- [scheduling-1] l.m.community.schedule.HotTagTasks       : hotTagSchedule stop: Thu Apr 23 20:37:02 CST 2020
2020-04-23 20:37:32.545  INFO 1540 --- [scheduling-1] l.m.community.schedule.HotTagTasks       : hotTagSchedule start: Thu Apr 23 20:37:32 CST 2020
2020-04-23 20:37:32.545  INFO 1540 --- [scheduling-1] l.m.community.schedule.HotTagTasks       : hotTagSchedule stop: Thu Apr 23 20:37:32 CST 2020
2020-04-23 20:38:02.545  INFO 1540 --- [scheduling-1] l.m.community.schedule.HotTagTasks       : hotTagSchedule start: Thu Apr 23 20:38:02 CST 2020
2020-04-23 20:38:02.547  INFO 1540 --- [scheduling-1] l.m.community.schedule.HotTagTasks       : hotTagSchedule stop: Thu Apr 23 20:38:02 CST 2020
2020-04-23 20:38:32.545  INFO 1540 --- [scheduling-1] l.m.community.schedule.HotTagTasks       : hotTagSchedule start: Thu Apr 23 20:38:32 CST 2020
2020-04-23 20:38:32.548  INFO 1540 --- [scheduling-1] l.m.community.schedule.HotTagTasks       : hotTagSchedule stop: Thu Apr 23 20:38:32 CST 2020
2020-04-23 20:39:02.545  INFO 1540 --- [scheduling-1] l.m.community.schedule.HotTagTasks       : hotTagSchedule start: Thu Apr 23 20:39:02 CST 2020
2020-04-23 20:39:02.546  INFO 1540 --- [scheduling-1] l.m.community.schedule.HotTagTasks       : hotTagSchedule stop: Thu Apr 23 20:39:02 CST 2020
2020-04-23 20:39:32.546  INFO 1540 --- [scheduling-1] l.m.community.schedule.HotTagTasks       : hotTagSchedule start: Thu Apr 23 20:39:32 CST 2020
2020-04-23 20:39:32.548  INFO 1540 --- [scheduling-1] l.m.community.schedule.HotTagTasks       : hotTagSchedule stop: Thu Apr 23 20:39:32 CST 2020
2020-04-23 20:40:02.544  INFO 1540 --- [scheduling-1] l.m.community.schedule.HotTagTasks       : hotTagSchedule start: Thu Apr 23 20:40:02 CST 2020
2020-04-23 20:40:02.547  INFO 1540 --- [scheduling-1] l.m.community.schedule.HotTagTasks       : hotTagSchedule stop: Thu Apr 23 20:40:02 CST 2020
2020-04-23 20:40:32.545  INFO 1540 --- [scheduling-1] l.m.community.schedule.HotTagTasks       : hotTagSchedule start: Thu Apr 23 20:40:32 CST 2020
2020-04-23 20:40:32.549  INFO 1540 --- [scheduling-1] l.m.community.schedule.HotTagTasks       : hotTagSchedule stop: Thu Apr 23 20:40:32 CST 2020
2020-04-23 20:41:02.544  INFO 1540 --- [scheduling-1] l.m.community.schedule.HotTagTasks       : hotTagSchedule start: Thu Apr 23 20:41:02 CST 2020
2020-04-23 20:41:02.545  INFO 1540 --- [scheduling-1] l.m.community.schedule.HotTagTasks       : hotTagSchedule stop: Thu Apr 23 20:41:02 CST 2020
2020-04-23 20:41:32.544  INFO 1540 --- [scheduling-1] l.m.community.schedule.HotTagTasks       : hotTagSchedule start: Thu Apr 23 20:41:32 CST 2020
2020-04-23 20:41:32.547  INFO 1540 --- [scheduling-1] l.m.community.schedule.HotTagTasks       : hotTagSchedule stop: Thu Apr 23 20:41:32 CST 2020
2020-04-23 20:42:02.545  INFO 1540 --- [scheduling-1] l.m.community.schedule.HotTagTasks       : hotTagSchedule start: Thu Apr 23 20:42:02 CST 2020
2020-04-23 20:42:02.546  INFO 1540 --- [scheduling-1] l.m.community.schedule.HotTagTasks       : hotTagSchedule stop: Thu Apr 23 20:42:02 CST 2020
2020-04-23 20:42:32.544  INFO 1540 --- [scheduling-1] l.m.community.schedule.HotTagTasks       : hotTagSchedule start: Thu Apr 23 20:42:32 CST 2020
2020-04-23 20:42:32.545  INFO 1540 --- [scheduling-1] l.m.community.schedule.HotTagTasks       : hotTagSchedule stop: Thu Apr 23 20:42:32 CST 2020
2020-04-23 20:43:02.545  INFO 1540 --- [scheduling-1] l.m.community.schedule.HotTagTasks       : hotTagSchedule start: Thu Apr 23 20:43:02 CST 2020
2020-04-23 20:43:02.547  INFO 1540 --- [scheduling-1] l.m.community.schedule.HotTagTasks       : hotTagSchedule stop: Thu Apr 23 20:43:02 CST 2020
2020-04-23 20:43:32.544  INFO 1540 --- [scheduling-1] l.m.community.schedule.HotTagTasks       : hotTagSchedule start: Thu Apr 23 20:43:32 CST 2020
2020-04-23 20:43:32.545  INFO 1540 --- [scheduling-1] l.m.community.schedule.HotTagTasks       : hotTagSchedule stop: Thu Apr 23 20:43:32 CST 2020
2020-04-23 20:44:02.545  INFO 1540 --- [scheduling-1] l.m.community.schedule.HotTagTasks       : hotTagSchedule start: Thu Apr 23 20:44:02 CST 2020
2020-04-23 20:44:02.549  INFO 1540 --- [scheduling-1] l.m.community.schedule.HotTagTasks       : hotTagSchedule stop: Thu Apr 23 20:44:02 CST 2020
2020-04-23 20:44:32.545  INFO 1540 --- [scheduling-1] l.m.community.schedule.HotTagTasks       : hotTagSchedule start: Thu Apr 23 20:44:32 CST 2020
2020-04-23 20:44:32.546  INFO 1540 --- [scheduling-1] l.m.community.schedule.HotTagTasks       : hotTagSchedule stop: Thu Apr 23 20:44:32 CST 2020
2020-04-23 20:45:02.544  INFO 1540 --- [scheduling-1] l.m.community.schedule.HotTagTasks       : hotTagSchedule start: Thu Apr 23 20:45:02 CST 2020
2020-04-23 20:45:02.545  INFO 1540 --- [scheduling-1] l.m.community.schedule.HotTagTasks       : hotTagSchedule stop: Thu Apr 23 20:45:02 CST 2020
2020-04-23 20:45:32.545  INFO 1540 --- [scheduling-1] l.m.community.schedule.HotTagTasks       : hotTagSchedule start: Thu Apr 23 20:45:32 CST 2020
2020-04-23 20:45:32.547  INFO 1540 --- [scheduling-1] l.m.community.schedule.HotTagTasks       : hotTagSchedule stop: Thu Apr 23 20:45:32 CST 2020
2020-04-23 20:46:02.544  INFO 1540 --- [scheduling-1] l.m.community.schedule.HotTagTasks       : hotTagSchedule start: Thu Apr 23 20:46:02 CST 2020
2020-04-23 20:46:02.547  INFO 1540 --- [scheduling-1] l.m.community.schedule.HotTagTasks       : hotTagSchedule stop: Thu Apr 23 20:46:02 CST 2020
2020-04-23 20:46:32.545  INFO 1540 --- [scheduling-1] l.m.community.schedule.HotTagTasks       : hotTagSchedule start: Thu Apr 23 20:46:32 CST 2020
2020-04-23 20:46:32.547  INFO 1540 --- [scheduling-1] l.m.community.schedule.HotTagTasks       : hotTagSchedule stop: Thu Apr 23 20:46:32 CST 2020
2020-04-23 20:47:02.545  INFO 1540 --- [scheduling-1] l.m.community.schedule.HotTagTasks       : hotTagSchedule start: Thu Apr 23 20:47:02 CST 2020
2020-04-23 20:47:02.546  INFO 1540 --- [scheduling-1] l.m.community.schedule.HotTagTasks       : hotTagSchedule stop: Thu Apr 23 20:47:02 CST 2020
2020-04-23 20:47:32.544  INFO 1540 --- [scheduling-1] l.m.community.schedule.HotTagTasks       : hotTagSchedule start: Thu Apr 23 20:47:32 CST 2020
2020-04-23 20:47:32.545  INFO 1540 --- [scheduling-1] l.m.community.schedule.HotTagTasks       : hotTagSchedule stop: Thu Apr 23 20:47:32 CST 2020
2020-04-23 20:48:02.545  INFO 1540 --- [scheduling-1] l.m.community.schedule.HotTagTasks       : hotTagSchedule start: Thu Apr 23 20:48:02 CST 2020
2020-04-23 20:48:02.546  INFO 1540 --- [scheduling-1] l.m.community.schedule.HotTagTasks       : hotTagSchedule stop: Thu Apr 23 20:48:02 CST 2020
2020-04-23 20:48:32.545  INFO 1540 --- [scheduling-1] l.m.community.schedule.HotTagTasks       : hotTagSchedule start: Thu Apr 23 20:48:32 CST 2020
2020-04-23 20:48:32.547  INFO 1540 --- [scheduling-1] l.m.community.schedule.HotTagTasks       : hotTagSchedule stop: Thu Apr 23 20:48:32 CST 2020
2020-04-23 20:49:02.546  INFO 1540 --- [scheduling-1] l.m.community.schedule.HotTagTasks       : hotTagSchedule start: Thu Apr 23 20:49:02 CST 2020
2020-04-23 20:49:02.546  INFO 1540 --- [scheduling-1] l.m.community.schedule.HotTagTasks       : hotTagSchedule stop: Thu Apr 23 20:49:02 CST 2020
2020-04-23 20:49:32.544  INFO 1540 --- [scheduling-1] l.m.community.schedule.HotTagTasks       : hotTagSchedule start: Thu Apr 23 20:49:32 CST 2020
2020-04-23 20:49:32.546  INFO 1540 --- [scheduling-1] l.m.community.schedule.HotTagTasks       : hotTagSchedule stop: Thu Apr 23 20:49:32 CST 2020
2020-04-23 20:50:02.546  INFO 1540 --- [scheduling-1] l.m.community.schedule.HotTagTasks       : hotTagSchedule start: Thu Apr 23 20:50:02 CST 2020
2020-04-23 20:50:02.548  INFO 1540 --- [scheduling-1] l.m.community.schedule.HotTagTasks       : hotTagSchedule stop: Thu Apr 23 20:50:02 CST 2020
2020-04-23 20:50:32.544  INFO 1540 --- [scheduling-1] l.m.community.schedule.HotTagTasks       : hotTagSchedule start: Thu Apr 23 20:50:32 CST 2020
2020-04-23 20:50:32.547  INFO 1540 --- [scheduling-1] l.m.community.schedule.HotTagTasks       : hotTagSchedule stop: Thu Apr 23 20:50:32 CST 2020
2020-04-23 20:51:02.545  INFO 1540 --- [scheduling-1] l.m.community.schedule.HotTagTasks       : hotTagSchedule start: Thu Apr 23 20:51:02 CST 2020
2020-04-23 20:51:02.547  INFO 1540 --- [scheduling-1] l.m.community.schedule.HotTagTasks       : hotTagSchedule stop: Thu Apr 23 20:51:02 CST 2020
2020-04-23 20:51:32.544  INFO 1540 --- [scheduling-1] l.m.community.schedule.HotTagTasks       : hotTagSchedule start: Thu Apr 23 20:51:32 CST 2020
2020-04-23 20:51:32.545  INFO 1540 --- [scheduling-1] l.m.community.schedule.HotTagTasks       : hotTagSchedule stop: Thu Apr 23 20:51:32 CST 2020
2020-04-23 20:52:02.545  INFO 1540 --- [scheduling-1] l.m.community.schedule.HotTagTasks       : hotTagSchedule start: Thu Apr 23 20:52:02 CST 2020
2020-04-23 20:52:02.549  INFO 1540 --- [scheduling-1] l.m.community.schedule.HotTagTasks       : hotTagSchedule stop: Thu Apr 23 20:52:02 CST 2020
2020-04-23 20:52:32.545  INFO 1540 --- [scheduling-1] l.m.community.schedule.HotTagTasks       : hotTagSchedule start: Thu Apr 23 20:52:32 CST 2020
2020-04-23 20:52:32.548  INFO 1540 --- [scheduling-1] l.m.community.schedule.HotTagTasks       : hotTagSchedule stop: Thu Apr 23 20:52:32 CST 2020
2020-04-23 20:53:02.545  INFO 1540 --- [scheduling-1] l.m.community.schedule.HotTagTasks       : hotTagSchedule start: Thu Apr 23 20:53:02 CST 2020
2020-04-23 20:53:02.548  INFO 1540 --- [scheduling-1] l.m.community.schedule.HotTagTasks       : hotTagSchedule stop: Thu Apr 23 20:53:02 CST 2020
2020-04-23 20:53:32.544  INFO 1540 --- [scheduling-1] l.m.community.schedule.HotTagTasks       : hotTagSchedule start: Thu Apr 23 20:53:32 CST 2020
2020-04-23 20:53:32.545  INFO 1540 --- [scheduling-1] l.m.community.schedule.HotTagTasks       : hotTagSchedule stop: Thu Apr 23 20:53:32 CST 2020
2020-04-23 20:54:02.544  INFO 1540 --- [scheduling-1] l.m.community.schedule.HotTagTasks       : hotTagSchedule start: Thu Apr 23 20:54:02 CST 2020
2020-04-23 20:54:02.545  INFO 1540 --- [scheduling-1] l.m.community.schedule.HotTagTasks       : hotTagSchedule stop: Thu Apr 23 20:54:02 CST 2020
2020-04-23 20:54:32.545  INFO 1540 --- [scheduling-1] l.m.community.schedule.HotTagTasks       : hotTagSchedule start: Thu Apr 23 20:54:32 CST 2020
2020-04-23 20:54:32.548  INFO 1540 --- [scheduling-1] l.m.community.schedule.HotTagTasks       : hotTagSchedule stop: Thu Apr 23 20:54:32 CST 2020
2020-04-23 20:55:02.545  INFO 1540 --- [scheduling-1] l.m.community.schedule.HotTagTasks       : hotTagSchedule start: Thu Apr 23 20:55:02 CST 2020
2020-04-23 20:55:02.547  INFO 1540 --- [scheduling-1] l.m.community.schedule.HotTagTasks       : hotTagSchedule stop: Thu Apr 23 20:55:02 CST 2020
2020-04-23 20:55:32.544  INFO 1540 --- [scheduling-1] l.m.community.schedule.HotTagTasks       : hotTagSchedule start: Thu Apr 23 20:55:32 CST 2020
2020-04-23 20:55:32.547  INFO 1540 --- [scheduling-1] l.m.community.schedule.HotTagTasks       : hotTagSchedule stop: Thu Apr 23 20:55:32 CST 2020
2020-04-23 20:56:02.545  INFO 1540 --- [scheduling-1] l.m.community.schedule.HotTagTasks       : hotTagSchedule start: Thu Apr 23 20:56:02 CST 2020
2020-04-23 20:56:02.546  INFO 1540 --- [scheduling-1] l.m.community.schedule.HotTagTasks       : hotTagSchedule stop: Thu Apr 23 20:56:02 CST 2020
